<?xml version="1.0" encoding="UTF-8"?>
<!-- Generated by org.testng.reporters.JUnitXMLReporter -->
<testsuite ignored="0" hostname="Vijaya" failures="2" tests="10" name="Regression1" time="119.719" errors="0" timestamp="07 Apr 2019 04:25:47 GMT">
  <testcase classname="testsPack.sampleTest" name="f" time="0.014"/>
  <testcase classname="testsPack.ZooplaForSalePageTest" name="verifyZooplaForSale" time="0.016"/>
  <testcase classname="testsPack.ZooplaHomePagetest" name="verifyZooplaHomePagetitle" time="0.021">
    <failure type="org.openqa.selenium.NoSuchSessionException" message="Session ID is null. Using WebDriver after calling quit()?
Build info: version: &amp;apos;3.141.59&amp;apos;, revision: &amp;apos;e82be7d358&amp;apos;, time: &amp;apos;2018-11-14T08:17:03&amp;apos;
System info: host: &amp;apos;VIJAYA&amp;apos;, ip: &amp;apos;192.168.1.127&amp;apos;, os.name: &amp;apos;Windows 10&amp;apos;, os.arch: &amp;apos;amd64&amp;apos;, os.version: &amp;apos;10.0&amp;apos;, java.version: &amp;apos;11.0.2&amp;apos;
Driver info: driver.version: RemoteWebDriver">
      <![CDATA[org.openqa.selenium.NoSuchSessionException: Session ID is null. Using WebDriver after calling quit()?
Build info: version: '3.141.59', revision: 'e82be7d358', time: '2018-11-14T08:17:03'
System info: host: 'VIJAYA', ip: '192.168.1.127', os.name: 'Windows 10', os.arch: 'amd64', os.version: '10.0', java.version: '11.0.2'
Driver info: driver.version: RemoteWebDriver
at org.openqa.selenium.remote.HttpCommandExecutor.execute(HttpCommandExecutor.java:125)
at org.openqa.selenium.remote.service.DriverCommandExecutor.execute(DriverCommandExecutor.java:83)
at org.openqa.selenium.remote.RemoteWebDriver.execute(RemoteWebDriver.java:552)
at org.openqa.selenium.remote.RemoteWebDriver.execute(RemoteWebDriver.java:609)
at org.openqa.selenium.remote.RemoteWebDriver.getTitle(RemoteWebDriver.java:281)
at pagesPack.ZooplaHomePage.verify_pageTitle(ZooplaHomePage.java:26)
at testsPack.ZooplaHomePagetest.verifyZooplaHomePagetitle(ZooplaHomePagetest.java:30)
... Removed 25 stack frames]]>
    </failure>
  </testcase> <!-- verifyZooplaHomePagetitle -->
  <testcase classname="testsPack.ZooplaSelHousePageTest" name="verifyAgentlogo" time="0.109"/>
  <testcase classname="testsPack.ZooplaForSalePageTest" name="selectingLoctionAt" time="8.55"/>
  <testcase classname="testsPack.ZooplaHomePagetest" name="entercity" time="0.255"/>
  <testcase classname="testsPack.ZooplaSelHousePageTest" name="verifyZSelHousePageTitle" time="0.003">
    <failure type="org.openqa.selenium.NoSuchSessionException" message="Session ID is null. Using WebDriver after calling quit()?
Build info: version: &amp;apos;3.141.59&amp;apos;, revision: &amp;apos;e82be7d358&amp;apos;, time: &amp;apos;2018-11-14T08:17:03&amp;apos;
System info: host: &amp;apos;VIJAYA&amp;apos;, ip: &amp;apos;192.168.1.127&amp;apos;, os.name: &amp;apos;Windows 10&amp;apos;, os.arch: &amp;apos;amd64&amp;apos;, os.version: &amp;apos;10.0&amp;apos;, java.version: &amp;apos;11.0.2&amp;apos;
Driver info: driver.version: RemoteWebDriver">
      <![CDATA[org.openqa.selenium.NoSuchSessionException: Session ID is null. Using WebDriver after calling quit()?
Build info: version: '3.141.59', revision: 'e82be7d358', time: '2018-11-14T08:17:03'
System info: host: 'VIJAYA', ip: '192.168.1.127', os.name: 'Windows 10', os.arch: 'amd64', os.version: '10.0', java.version: '11.0.2'
Driver info: driver.version: RemoteWebDriver
at org.openqa.selenium.remote.HttpCommandExecutor.execute(HttpCommandExecutor.java:125)
at org.openqa.selenium.remote.service.DriverCommandExecutor.execute(DriverCommandExecutor.java:83)
at org.openqa.selenium.remote.RemoteWebDriver.execute(RemoteWebDriver.java:552)
at org.openqa.selenium.remote.RemoteWebDriver.execute(RemoteWebDriver.java:609)
at org.openqa.selenium.remote.RemoteWebDriver.getTitle(RemoteWebDriver.java:281)
at pagesPack.ZooplaSelHousePage.verifyZSelHousePageTitle(ZooplaSelHousePage.java:29)
at testsPack.ZooplaSelHousePageTest.verifyZSelHousePageTitle(ZooplaSelHousePageTest.java:47)
... Removed 25 stack frames]]>
    </failure>
  </testcase> <!-- verifyZSelHousePageTitle -->
  <testcase classname="testsPack.ZooplaHomePagetest" name="clickonsearch" time="10.762"/>
  <testcase classname="testsPack.ZooplaSelHousePageTest" name="verifyAgentcompanyname" time="0.147"/>
  <testcase classname="testsPack.ZooplaSelHousePageTest" name="clickOnAgentCompanyName" time="3.807"/>
</testsuite> <!-- Regression1 -->
