<?xml version="1.0" encoding="UTF-8"?>
<testng-results total="10" passed="8" failed="2" skipped="0">
  <reporter-output>
  </reporter-output>
  <suite started-at="2019-04-07T03:59:27Z" name="Naveen Assignment Test Suite" finished-at="2019-04-07T04:01:50Z" duration-ms="143150">
    <groups>
    </groups>
    <test started-at="2019-04-07T03:59:27Z" name="Regression1" finished-at="2019-04-07T04:01:50Z" duration-ms="143150">
      <class name="testsPack.ZooplaSelHousePageTest">
        <test-method signature="verifyAgentlogo()[pri:0, instance:testsPack.ZooplaSelHousePageTest@49438269]" started-at="2019-04-06T23:01:46Z" name="verifyAgentlogo" finished-at="2019-04-06T23:01:46Z" duration-ms="216" status="PASS">
          <reporter-output>
          </reporter-output>
        </test-method> <!-- verifyAgentlogo -->
        <test-method signature="verifyZSelHousePageTitle()[pri:0, instance:testsPack.ZooplaSelHousePageTest@49438269]" started-at="2019-04-06T23:01:46Z" name="verifyZSelHousePageTitle" finished-at="2019-04-06T23:01:46Z" duration-ms="0" status="FAIL">
          <exception class="org.openqa.selenium.NoSuchSessionException">
            <message>
              <![CDATA[Session ID is null. Using WebDriver after calling quit()?
Build info: version: '3.141.59', revision: 'e82be7d358', time: '2018-11-14T08:17:03'
System info: host: 'VIJAYA', ip: '192.168.1.127', os.name: 'Windows 10', os.arch: 'amd64', os.version: '10.0', java.version: '11.0.2'
Driver info: driver.version: RemoteWebDriver]]>
            </message>
            <full-stacktrace>
              <![CDATA[org.openqa.selenium.NoSuchSessionException: Session ID is null. Using WebDriver after calling quit()?
Build info: version: '3.141.59', revision: 'e82be7d358', time: '2018-11-14T08:17:03'
System info: host: 'VIJAYA', ip: '192.168.1.127', os.name: 'Windows 10', os.arch: 'amd64', os.version: '10.0', java.version: '11.0.2'
Driver info: driver.version: RemoteWebDriver
	at org.openqa.selenium.remote.HttpCommandExecutor.execute(HttpCommandExecutor.java:125)
	at org.openqa.selenium.remote.service.DriverCommandExecutor.execute(DriverCommandExecutor.java:83)
	at org.openqa.selenium.remote.RemoteWebDriver.execute(RemoteWebDriver.java:552)
	at org.openqa.selenium.remote.RemoteWebDriver.execute(RemoteWebDriver.java:609)
	at org.openqa.selenium.remote.RemoteWebDriver.getTitle(RemoteWebDriver.java:281)
	at pagesPack.ZooplaSelHousePage.verifyZSelHousePageTitle(ZooplaSelHousePage.java:29)
	at testsPack.ZooplaSelHousePageTest.verifyZSelHousePageTitle(ZooplaSelHousePageTest.java:47)
	at java.base/jdk.internal.reflect.NativeMethodAccessorImpl.invoke0(Native Method)
	at java.base/jdk.internal.reflect.NativeMethodAccessorImpl.invoke(NativeMethodAccessorImpl.java:62)
	at java.base/jdk.internal.reflect.DelegatingMethodAccessorImpl.invoke(DelegatingMethodAccessorImpl.java:43)
	at java.base/java.lang.reflect.Method.invoke(Method.java:566)
	at org.testng.internal.MethodInvocationHelper.invokeMethod(MethodInvocationHelper.java:80)
	at org.testng.internal.Invoker.invokeMethod(Invoker.java:714)
	at org.testng.internal.Invoker.invokeTestMethod(Invoker.java:901)
	at org.testng.internal.Invoker.invokeTestMethods(Invoker.java:1231)
	at org.testng.internal.TestMethodWorker.invokeTestMethods(TestMethodWorker.java:127)
	at org.testng.internal.TestMethodWorker.run(TestMethodWorker.java:111)
	at org.testng.TestRunner.privateRun(TestRunner.java:767)
	at org.testng.TestRunner.run(TestRunner.java:617)
	at org.testng.SuiteRunner.runTest(SuiteRunner.java:334)
	at org.testng.SuiteRunner.runSequentially(SuiteRunner.java:329)
	at org.testng.SuiteRunner.privateRun(SuiteRunner.java:291)
	at org.testng.SuiteRunner.run(SuiteRunner.java:240)
	at org.testng.SuiteRunnerWorker.runSuite(SuiteRunnerWorker.java:52)
	at org.testng.SuiteRunnerWorker.run(SuiteRunnerWorker.java:86)
	at org.testng.TestNG.runSuitesSequentially(TestNG.java:1198)
	at org.testng.TestNG.runSuitesLocally(TestNG.java:1123)
	at org.testng.TestNG.run(TestNG.java:1031)
	at org.apache.maven.surefire.testng.TestNGExecutor.run(TestNGExecutor.java:283)
	at org.apache.maven.surefire.testng.TestNGXmlTestSuite.execute(TestNGXmlTestSuite.java:75)
	at org.apache.maven.surefire.testng.TestNGProvider.invoke(TestNGProvider.java:120)
	at org.apache.maven.surefire.booter.ForkedBooter.invokeProviderInSameClassLoader(ForkedBooter.java:384)
	at org.apache.maven.surefire.booter.ForkedBooter.runSuitesInProcess(ForkedBooter.java:345)
	at org.apache.maven.surefire.booter.ForkedBooter.execute(ForkedBooter.java:126)
	at org.apache.maven.surefire.booter.ForkedBooter.main(ForkedBooter.java:418)
]]>
            </full-stacktrace>
          </exception> <!-- org.openqa.selenium.NoSuchSessionException -->
          <reporter-output>
          </reporter-output>
        </test-method> <!-- verifyZSelHousePageTitle -->
        <test-method signature="verifyAgentcompanyname()[pri:0, instance:testsPack.ZooplaSelHousePageTest@49438269]" started-at="2019-04-06T23:01:46Z" name="verifyAgentcompanyname" finished-at="2019-04-06T23:01:46Z" duration-ms="105" status="PASS">
          <reporter-output>
          </reporter-output>
        </test-method> <!-- verifyAgentcompanyname -->
        <test-method signature="clickOnAgentCompanyName()[pri:0, instance:testsPack.ZooplaSelHousePageTest@49438269]" started-at="2019-04-06T23:01:46Z" name="clickOnAgentCompanyName" finished-at="2019-04-06T23:01:50Z" duration-ms="4311" status="PASS">
          <reporter-output>
          </reporter-output>
        </test-method> <!-- clickOnAgentCompanyName -->
      </class> <!-- testsPack.ZooplaSelHousePageTest -->
      <class name="testsPack.ZooplaHomePagetest">
        <test-method is-config="true" signature="setUp()[pri:0, instance:testsPack.ZooplaHomePagetest@217ed35e]" started-at="2019-04-06T22:59:27Z" name="setUp" finished-at="2019-04-06T22:59:43Z" duration-ms="15919" status="PASS">
          <reporter-output>
          </reporter-output>
        </test-method> <!-- setUp -->
        <test-method is-config="true" signature="setup()[pri:0, instance:testsPack.ZooplaSelHousePageTest@49438269]" started-at="2019-04-06T22:59:43Z" name="setup" finished-at="2019-04-06T23:00:15Z" duration-ms="31457" status="PASS">
          <reporter-output>
          </reporter-output>
        </test-method> <!-- setup -->
        <test-method signature="verifyZooplaHomePagetitle()[pri:0, instance:testsPack.ZooplaHomePagetest@217ed35e]" started-at="2019-04-06T23:01:25Z" name="verifyZooplaHomePagetitle" finished-at="2019-04-06T23:01:25Z" duration-ms="18" status="FAIL">
          <exception class="org.openqa.selenium.NoSuchSessionException">
            <message>
              <![CDATA[Session ID is null. Using WebDriver after calling quit()?
Build info: version: '3.141.59', revision: 'e82be7d358', time: '2018-11-14T08:17:03'
System info: host: 'VIJAYA', ip: '192.168.1.127', os.name: 'Windows 10', os.arch: 'amd64', os.version: '10.0', java.version: '11.0.2'
Driver info: driver.version: RemoteWebDriver]]>
            </message>
            <full-stacktrace>
              <![CDATA[org.openqa.selenium.NoSuchSessionException: Session ID is null. Using WebDriver after calling quit()?
Build info: version: '3.141.59', revision: 'e82be7d358', time: '2018-11-14T08:17:03'
System info: host: 'VIJAYA', ip: '192.168.1.127', os.name: 'Windows 10', os.arch: 'amd64', os.version: '10.0', java.version: '11.0.2'
Driver info: driver.version: RemoteWebDriver
	at org.openqa.selenium.remote.HttpCommandExecutor.execute(HttpCommandExecutor.java:125)
	at org.openqa.selenium.remote.service.DriverCommandExecutor.execute(DriverCommandExecutor.java:83)
	at org.openqa.selenium.remote.RemoteWebDriver.execute(RemoteWebDriver.java:552)
	at org.openqa.selenium.remote.RemoteWebDriver.execute(RemoteWebDriver.java:609)
	at org.openqa.selenium.remote.RemoteWebDriver.getTitle(RemoteWebDriver.java:281)
	at pagesPack.ZooplaHomePage.verify_pageTitle(ZooplaHomePage.java:26)
	at testsPack.ZooplaHomePagetest.verifyZooplaHomePagetitle(ZooplaHomePagetest.java:30)
	at java.base/jdk.internal.reflect.NativeMethodAccessorImpl.invoke0(Native Method)
	at java.base/jdk.internal.reflect.NativeMethodAccessorImpl.invoke(NativeMethodAccessorImpl.java:62)
	at java.base/jdk.internal.reflect.DelegatingMethodAccessorImpl.invoke(DelegatingMethodAccessorImpl.java:43)
	at java.base/java.lang.reflect.Method.invoke(Method.java:566)
	at org.testng.internal.MethodInvocationHelper.invokeMethod(MethodInvocationHelper.java:80)
	at org.testng.internal.Invoker.invokeMethod(Invoker.java:714)
	at org.testng.internal.Invoker.invokeTestMethod(Invoker.java:901)
	at org.testng.internal.Invoker.invokeTestMethods(Invoker.java:1231)
	at org.testng.internal.TestMethodWorker.invokeTestMethods(TestMethodWorker.java:127)
	at org.testng.internal.TestMethodWorker.run(TestMethodWorker.java:111)
	at org.testng.TestRunner.privateRun(TestRunner.java:767)
	at org.testng.TestRunner.run(TestRunner.java:617)
	at org.testng.SuiteRunner.runTest(SuiteRunner.java:334)
	at org.testng.SuiteRunner.runSequentially(SuiteRunner.java:329)
	at org.testng.SuiteRunner.privateRun(SuiteRunner.java:291)
	at org.testng.SuiteRunner.run(SuiteRunner.java:240)
	at org.testng.SuiteRunnerWorker.runSuite(SuiteRunnerWorker.java:52)
	at org.testng.SuiteRunnerWorker.run(SuiteRunnerWorker.java:86)
	at org.testng.TestNG.runSuitesSequentially(TestNG.java:1198)
	at org.testng.TestNG.runSuitesLocally(TestNG.java:1123)
	at org.testng.TestNG.run(TestNG.java:1031)
	at org.apache.maven.surefire.testng.TestNGExecutor.run(TestNGExecutor.java:283)
	at org.apache.maven.surefire.testng.TestNGXmlTestSuite.execute(TestNGXmlTestSuite.java:75)
	at org.apache.maven.surefire.testng.TestNGProvider.invoke(TestNGProvider.java:120)
	at org.apache.maven.surefire.booter.ForkedBooter.invokeProviderInSameClassLoader(ForkedBooter.java:384)
	at org.apache.maven.surefire.booter.ForkedBooter.runSuitesInProcess(ForkedBooter.java:345)
	at org.apache.maven.surefire.booter.ForkedBooter.execute(ForkedBooter.java:126)
	at org.apache.maven.surefire.booter.ForkedBooter.main(ForkedBooter.java:418)
]]>
            </full-stacktrace>
          </exception> <!-- org.openqa.selenium.NoSuchSessionException -->
          <reporter-output>
          </reporter-output>
        </test-method> <!-- verifyZooplaHomePagetitle -->
        <test-method signature="entercity()[pri:0, instance:testsPack.ZooplaHomePagetest@217ed35e]" started-at="2019-04-06T23:01:25Z" name="entercity" finished-at="2019-04-06T23:01:26Z" duration-ms="281" status="PASS">
          <reporter-output>
          </reporter-output>
        </test-method> <!-- entercity -->
        <test-method signature="clickonsearch()[pri:0, instance:testsPack.ZooplaHomePagetest@217ed35e]" started-at="2019-04-06T23:01:26Z" name="clickonsearch" finished-at="2019-04-06T23:01:46Z" duration-ms="20006" status="PASS">
          <reporter-output>
          </reporter-output>
        </test-method> <!-- clickonsearch -->
        <test-method is-config="true" signature="teardown()[pri:0, instance:testsPack.ZooplaHomePagetest@217ed35e]" started-at="2019-04-06T23:01:50Z" name="teardown" finished-at="2019-04-06T23:01:50Z" duration-ms="0" status="PASS">
          <reporter-output>
          </reporter-output>
        </test-method> <!-- teardown -->
      </class> <!-- testsPack.ZooplaHomePagetest -->
      <class name="testsPack.ZooplaForSalePageTest">
        <test-method is-config="true" signature="setup()[pri:0, instance:testsPack.ZooplaForSalePageTest@ba2f4ec]" started-at="2019-04-06T23:00:24Z" name="setup" finished-at="2019-04-06T23:00:48Z" duration-ms="23980" status="PASS">
          <reporter-output>
          </reporter-output>
        </test-method> <!-- setup -->
        <test-method signature="verifyZooplaForSale()[pri:0, instance:testsPack.ZooplaForSalePageTest@ba2f4ec]" started-at="2019-04-06T23:00:48Z" name="verifyZooplaForSale" finished-at="2019-04-06T23:00:48Z" duration-ms="18" status="PASS">
          <reporter-output>
          </reporter-output>
        </test-method> <!-- verifyZooplaForSale -->
        <test-method is-config="true" signature="teardown()[pri:0, instance:testsPack.ZooplaForSalePageTest@ba2f4ec]" started-at="2019-04-06T23:00:48Z" name="teardown" finished-at="2019-04-06T23:00:49Z" duration-ms="915" status="PASS">
          <reporter-output>
          </reporter-output>
        </test-method> <!-- teardown -->
        <test-method is-config="true" signature="setup()[pri:0, instance:testsPack.ZooplaForSalePageTest@ba2f4ec]" started-at="2019-04-06T23:00:49Z" name="setup" finished-at="2019-04-06T23:01:12Z" duration-ms="23465" status="PASS">
          <reporter-output>
          </reporter-output>
        </test-method> <!-- setup -->
        <test-method signature="selectingLoctionAt()[pri:0, instance:testsPack.ZooplaForSalePageTest@ba2f4ec]" started-at="2019-04-06T23:01:12Z" name="selectingLoctionAt" finished-at="2019-04-06T23:01:24Z" duration-ms="12322" status="PASS">
          <reporter-output>
          </reporter-output>
        </test-method> <!-- selectingLoctionAt -->
        <test-method is-config="true" signature="teardown()[pri:0, instance:testsPack.ZooplaForSalePageTest@ba2f4ec]" started-at="2019-04-06T23:01:24Z" name="teardown" finished-at="2019-04-06T23:01:25Z" duration-ms="983" status="PASS">
          <reporter-output>
          </reporter-output>
        </test-method> <!-- teardown -->
      </class> <!-- testsPack.ZooplaForSalePageTest -->
      <class name="testsPack.sampleTest">
        <test-method is-config="true" signature="setup()[pri:0, instance:testsPack.sampleTest@74e52ef6]" started-at="2019-04-06T23:00:15Z" name="setup" finished-at="2019-04-06T23:00:23Z" duration-ms="8389" status="PASS">
          <reporter-output>
          </reporter-output>
        </test-method> <!-- setup -->
        <test-method signature="f()[pri:0, instance:testsPack.sampleTest@74e52ef6]" started-at="2019-04-06T23:00:23Z" name="f" finished-at="2019-04-06T23:00:23Z" duration-ms="1" status="PASS">
          <reporter-output>
          </reporter-output>
        </test-method> <!-- f -->
        <test-method is-config="true" signature="teardown()[pri:0, instance:testsPack.sampleTest@74e52ef6]" started-at="2019-04-06T23:00:23Z" name="teardown" finished-at="2019-04-06T23:00:24Z" duration-ms="723" status="PASS">
          <reporter-output>
          </reporter-output>
        </test-method> <!-- teardown -->
      </class> <!-- testsPack.sampleTest -->
    </test> <!-- Regression1 -->
  </suite> <!-- Naveen Assignment Test Suite -->
</testng-results>
