<?xml version="1.0" encoding="UTF-8"?>
<testng-results ignored="0" total="10" passed="8" failed="2" skipped="0">
  <reporter-output>
  </reporter-output>
  <suite started-at="2019-04-07T04:23:47Z" name="Naveen Assignment Test Suite" finished-at="2019-04-07T04:25:47Z" duration-ms="119719">
    <groups>
    </groups>
    <test started-at="2019-04-07T04:23:47Z" name="Regression1" finished-at="2019-04-07T04:25:47Z" duration-ms="119719">
      <class name="testsPack.ZooplaSelHousePageTest">
        <test-method signature="verifyAgentlogo()[pri:1, instance:testsPack.ZooplaSelHousePageTest@117e949d]" started-at="2019-04-07T04:25:02Z" name="verifyAgentlogo" finished-at="2019-04-07T04:25:02Z" duration-ms="109" status="PASS">
          <reporter-output>
          </reporter-output>
        </test-method> <!-- verifyAgentlogo -->
        <test-method signature="verifyZSelHousePageTitle()[pri:2, instance:testsPack.ZooplaSelHousePageTest@117e949d]" started-at="2019-04-07T04:25:32Z" name="verifyZSelHousePageTitle" finished-at="2019-04-07T04:25:32Z" duration-ms="3" status="FAIL">
          <exception class="org.openqa.selenium.NoSuchSessionException">
            <message>
              <![CDATA[Session ID is null. Using WebDriver after calling quit()?
Build info: version: '3.141.59', revision: 'e82be7d358', time: '2018-11-14T08:17:03'
System info: host: 'VIJAYA', ip: '192.168.1.127', os.name: 'Windows 10', os.arch: 'amd64', os.version: '10.0', java.version: '11.0.2'
Driver info: driver.version: RemoteWebDriver]]>
            </message>
            <full-stacktrace>
              <![CDATA[org.openqa.selenium.NoSuchSessionException: Session ID is null. Using WebDriver after calling quit()?
Build info: version: '3.141.59', revision: 'e82be7d358', time: '2018-11-14T08:17:03'
System info: host: 'VIJAYA', ip: '192.168.1.127', os.name: 'Windows 10', os.arch: 'amd64', os.version: '10.0', java.version: '11.0.2'
Driver info: driver.version: RemoteWebDriver
at org.openqa.selenium.remote.HttpCommandExecutor.execute(HttpCommandExecutor.java:125)
at org.openqa.selenium.remote.service.DriverCommandExecutor.execute(DriverCommandExecutor.java:83)
at org.openqa.selenium.remote.RemoteWebDriver.execute(RemoteWebDriver.java:552)
at org.openqa.selenium.remote.RemoteWebDriver.execute(RemoteWebDriver.java:609)
at org.openqa.selenium.remote.RemoteWebDriver.getTitle(RemoteWebDriver.java:281)
at pagesPack.ZooplaSelHousePage.verifyZSelHousePageTitle(ZooplaSelHousePage.java:29)
at testsPack.ZooplaSelHousePageTest.verifyZSelHousePageTitle(ZooplaSelHousePageTest.java:47)
at java.base/jdk.internal.reflect.NativeMethodAccessorImpl.invoke0(Native Method)
at java.base/jdk.internal.reflect.NativeMethodAccessorImpl.invoke(NativeMethodAccessorImpl.java:62)
at java.base/jdk.internal.reflect.DelegatingMethodAccessorImpl.invoke(DelegatingMethodAccessorImpl.java:43)
at java.base/java.lang.reflect.Method.invoke(Method.java:566)
at org.testng.internal.MethodInvocationHelper.invokeMethod(MethodInvocationHelper.java:124)
at org.testng.internal.Invoker.invokeMethod(Invoker.java:580)
at org.testng.internal.Invoker.invokeTestMethod(Invoker.java:716)
at org.testng.internal.Invoker.invokeTestMethods(Invoker.java:988)
at org.testng.internal.TestMethodWorker.invokeTestMethods(TestMethodWorker.java:125)
at org.testng.internal.TestMethodWorker.run(TestMethodWorker.java:109)
at org.testng.TestRunner.privateRun(TestRunner.java:648)
at org.testng.TestRunner.run(TestRunner.java:505)
at org.testng.SuiteRunner.runTest(SuiteRunner.java:455)
at org.testng.SuiteRunner.runSequentially(SuiteRunner.java:450)
at org.testng.SuiteRunner.privateRun(SuiteRunner.java:415)
at org.testng.SuiteRunner.run(SuiteRunner.java:364)
at org.testng.SuiteRunnerWorker.runSuite(SuiteRunnerWorker.java:52)
at org.testng.SuiteRunnerWorker.run(SuiteRunnerWorker.java:84)
at org.testng.TestNG.runSuitesSequentially(TestNG.java:1208)
at org.testng.TestNG.runSuitesLocally(TestNG.java:1137)
at org.testng.TestNG.runSuites(TestNG.java:1049)
at org.testng.TestNG.run(TestNG.java:1017)
at org.testng.remote.AbstractRemoteTestNG.run(AbstractRemoteTestNG.java:114)
at org.testng.remote.RemoteTestNG.initAndRun(RemoteTestNG.java:251)
at org.testng.remote.RemoteTestNG.main(RemoteTestNG.java:77)
]]>
            </full-stacktrace>
          </exception> <!-- org.openqa.selenium.NoSuchSessionException -->
          <reporter-output>
          </reporter-output>
        </test-method> <!-- verifyZSelHousePageTitle -->
        <test-method signature="verifyAgentcompanyname()[pri:3, instance:testsPack.ZooplaSelHousePageTest@117e949d]" started-at="2019-04-07T04:25:43Z" name="verifyAgentcompanyname" finished-at="2019-04-07T04:25:43Z" duration-ms="147" status="PASS">
          <reporter-output>
          </reporter-output>
        </test-method> <!-- verifyAgentcompanyname -->
        <test-method signature="clickOnAgentCompanyName()[pri:4, instance:testsPack.ZooplaSelHousePageTest@117e949d]" started-at="2019-04-07T04:25:43Z" name="clickOnAgentCompanyName" finished-at="2019-04-07T04:25:47Z" duration-ms="3807" status="PASS">
          <reporter-output>
          </reporter-output>
        </test-method> <!-- clickOnAgentCompanyName -->
      </class> <!-- testsPack.ZooplaSelHousePageTest -->
      <class name="testsPack.ZooplaHomePagetest">
        <test-method is-config="true" signature="setUp()[pri:0, instance:testsPack.ZooplaHomePagetest@10d68fcd]" started-at="2019-04-07T04:23:47Z" name="setUp" finished-at="2019-04-07T04:24:01Z" duration-ms="14074" status="PASS">
          <reporter-output>
          </reporter-output>
        </test-method> <!-- setUp -->
        <test-method is-config="true" signature="setup()[pri:0, instance:testsPack.ZooplaSelHousePageTest@117e949d]" started-at="2019-04-07T04:24:01Z" name="setup" finished-at="2019-04-07T04:24:28Z" duration-ms="26774" status="PASS">
          <reporter-output>
          </reporter-output>
        </test-method> <!-- setup -->
        <test-method signature="verifyZooplaHomePagetitle()[pri:1, instance:testsPack.ZooplaHomePagetest@10d68fcd]" started-at="2019-04-07T04:25:02Z" name="verifyZooplaHomePagetitle" finished-at="2019-04-07T04:25:02Z" duration-ms="21" status="FAIL">
          <exception class="org.openqa.selenium.NoSuchSessionException">
            <message>
              <![CDATA[Session ID is null. Using WebDriver after calling quit()?
Build info: version: '3.141.59', revision: 'e82be7d358', time: '2018-11-14T08:17:03'
System info: host: 'VIJAYA', ip: '192.168.1.127', os.name: 'Windows 10', os.arch: 'amd64', os.version: '10.0', java.version: '11.0.2'
Driver info: driver.version: RemoteWebDriver]]>
            </message>
            <full-stacktrace>
              <![CDATA[org.openqa.selenium.NoSuchSessionException: Session ID is null. Using WebDriver after calling quit()?
Build info: version: '3.141.59', revision: 'e82be7d358', time: '2018-11-14T08:17:03'
System info: host: 'VIJAYA', ip: '192.168.1.127', os.name: 'Windows 10', os.arch: 'amd64', os.version: '10.0', java.version: '11.0.2'
Driver info: driver.version: RemoteWebDriver
at org.openqa.selenium.remote.HttpCommandExecutor.execute(HttpCommandExecutor.java:125)
at org.openqa.selenium.remote.service.DriverCommandExecutor.execute(DriverCommandExecutor.java:83)
at org.openqa.selenium.remote.RemoteWebDriver.execute(RemoteWebDriver.java:552)
at org.openqa.selenium.remote.RemoteWebDriver.execute(RemoteWebDriver.java:609)
at org.openqa.selenium.remote.RemoteWebDriver.getTitle(RemoteWebDriver.java:281)
at pagesPack.ZooplaHomePage.verify_pageTitle(ZooplaHomePage.java:26)
at testsPack.ZooplaHomePagetest.verifyZooplaHomePagetitle(ZooplaHomePagetest.java:30)
at java.base/jdk.internal.reflect.NativeMethodAccessorImpl.invoke0(Native Method)
at java.base/jdk.internal.reflect.NativeMethodAccessorImpl.invoke(NativeMethodAccessorImpl.java:62)
at java.base/jdk.internal.reflect.DelegatingMethodAccessorImpl.invoke(DelegatingMethodAccessorImpl.java:43)
at java.base/java.lang.reflect.Method.invoke(Method.java:566)
at org.testng.internal.MethodInvocationHelper.invokeMethod(MethodInvocationHelper.java:124)
at org.testng.internal.Invoker.invokeMethod(Invoker.java:580)
at org.testng.internal.Invoker.invokeTestMethod(Invoker.java:716)
at org.testng.internal.Invoker.invokeTestMethods(Invoker.java:988)
at org.testng.internal.TestMethodWorker.invokeTestMethods(TestMethodWorker.java:125)
at org.testng.internal.TestMethodWorker.run(TestMethodWorker.java:109)
at org.testng.TestRunner.privateRun(TestRunner.java:648)
at org.testng.TestRunner.run(TestRunner.java:505)
at org.testng.SuiteRunner.runTest(SuiteRunner.java:455)
at org.testng.SuiteRunner.runSequentially(SuiteRunner.java:450)
at org.testng.SuiteRunner.privateRun(SuiteRunner.java:415)
at org.testng.SuiteRunner.run(SuiteRunner.java:364)
at org.testng.SuiteRunnerWorker.runSuite(SuiteRunnerWorker.java:52)
at org.testng.SuiteRunnerWorker.run(SuiteRunnerWorker.java:84)
at org.testng.TestNG.runSuitesSequentially(TestNG.java:1208)
at org.testng.TestNG.runSuitesLocally(TestNG.java:1137)
at org.testng.TestNG.runSuites(TestNG.java:1049)
at org.testng.TestNG.run(TestNG.java:1017)
at org.testng.remote.AbstractRemoteTestNG.run(AbstractRemoteTestNG.java:114)
at org.testng.remote.RemoteTestNG.initAndRun(RemoteTestNG.java:251)
at org.testng.remote.RemoteTestNG.main(RemoteTestNG.java:77)
]]>
            </full-stacktrace>
          </exception> <!-- org.openqa.selenium.NoSuchSessionException -->
          <reporter-output>
          </reporter-output>
        </test-method> <!-- verifyZooplaHomePagetitle -->
        <test-method signature="entercity()[pri:2, instance:testsPack.ZooplaHomePagetest@10d68fcd]" started-at="2019-04-07T04:25:32Z" name="entercity" finished-at="2019-04-07T04:25:32Z" duration-ms="255" status="PASS">
          <reporter-output>
          </reporter-output>
        </test-method> <!-- entercity -->
        <test-method signature="clickonsearch()[pri:3, instance:testsPack.ZooplaHomePagetest@10d68fcd]" started-at="2019-04-07T04:25:32Z" name="clickonsearch" finished-at="2019-04-07T04:25:43Z" duration-ms="10762" status="PASS">
          <reporter-output>
          </reporter-output>
        </test-method> <!-- clickonsearch -->
        <test-method is-config="true" signature="teardown()[pri:0, instance:testsPack.ZooplaHomePagetest@10d68fcd]" started-at="2019-04-07T04:25:47Z" name="teardown" finished-at="2019-04-07T04:25:47Z" duration-ms="0" status="PASS">
          <reporter-output>
          </reporter-output>
        </test-method> <!-- teardown -->
      </class> <!-- testsPack.ZooplaHomePagetest -->
      <class name="testsPack.ZooplaForSalePageTest">
        <test-method is-config="true" signature="setup()[pri:0, instance:testsPack.ZooplaForSalePageTest@5f8edcc5]" started-at="2019-04-07T04:24:38Z" name="setup" finished-at="2019-04-07T04:25:01Z" duration-ms="23044" status="PASS">
          <reporter-output>
          </reporter-output>
        </test-method> <!-- setup -->
        <test-method signature="verifyZooplaForSale()[pri:1, instance:testsPack.ZooplaForSalePageTest@5f8edcc5]" started-at="2019-04-07T04:25:01Z" name="verifyZooplaForSale" finished-at="2019-04-07T04:25:01Z" duration-ms="16" status="PASS">
          <reporter-output>
          </reporter-output>
        </test-method> <!-- verifyZooplaForSale -->
        <test-method is-config="true" signature="teardown()[pri:0, instance:testsPack.ZooplaForSalePageTest@5f8edcc5]" started-at="2019-04-07T04:25:01Z" name="teardown" finished-at="2019-04-07T04:25:02Z" duration-ms="817" status="PASS">
          <reporter-output>
          </reporter-output>
        </test-method> <!-- teardown -->
        <test-method is-config="true" signature="setup()[pri:0, instance:testsPack.ZooplaForSalePageTest@5f8edcc5]" started-at="2019-04-07T04:25:02Z" name="setup" finished-at="2019-04-07T04:25:23Z" duration-ms="20394" status="PASS">
          <reporter-output>
          </reporter-output>
        </test-method> <!-- setup -->
        <test-method signature="selectingLoctionAt()[pri:2, instance:testsPack.ZooplaForSalePageTest@5f8edcc5]" started-at="2019-04-07T04:25:23Z" name="selectingLoctionAt" finished-at="2019-04-07T04:25:31Z" duration-ms="8550" status="PASS">
          <reporter-output>
          </reporter-output>
        </test-method> <!-- selectingLoctionAt -->
        <test-method is-config="true" signature="teardown()[pri:0, instance:testsPack.ZooplaForSalePageTest@5f8edcc5]" started-at="2019-04-07T04:25:31Z" name="teardown" finished-at="2019-04-07T04:25:32Z" duration-ms="888" status="PASS">
          <reporter-output>
          </reporter-output>
        </test-method> <!-- teardown -->
      </class> <!-- testsPack.ZooplaForSalePageTest -->
      <class name="testsPack.sampleTest">
        <test-method is-config="true" signature="setup()[pri:0, instance:testsPack.sampleTest@6db9f5a4]" started-at="2019-04-07T04:24:28Z" name="setup" finished-at="2019-04-07T04:24:37Z" duration-ms="9229" status="PASS">
          <reporter-output>
          </reporter-output>
        </test-method> <!-- setup -->
        <test-method signature="f()[pri:0, instance:testsPack.sampleTest@6db9f5a4]" started-at="2019-04-07T04:24:37Z" name="f" finished-at="2019-04-07T04:24:37Z" duration-ms="14" status="PASS">
          <reporter-output>
          </reporter-output>
        </test-method> <!-- f -->
        <test-method is-config="true" signature="teardown()[pri:0, instance:testsPack.sampleTest@6db9f5a4]" started-at="2019-04-07T04:24:37Z" name="teardown" finished-at="2019-04-07T04:24:38Z" duration-ms="748" status="PASS">
          <reporter-output>
          </reporter-output>
        </test-method> <!-- teardown -->
      </class> <!-- testsPack.sampleTest -->
    </test> <!-- Regression1 -->
  </suite> <!-- Naveen Assignment Test Suite -->
</testng-results>
